<?xml version="1.0" encoding="UTF-8"?>
<!-- Generated by org.testng.reporters.JUnitXMLReporter -->
<testsuite ignored="1" hostname="DESKTOP-U8F94J3" failures="0" tests="1" name="Default test" time="10.445" errors="0" timestamp="17 Aug 2022 04:43:23 GMT">
  <testcase classname="com.qa.fb.keyword.tests.LoginTest" name="signUpTest" time="10.42"/>
  <testcase classname="com.qa.fb.keyword.tests.LoginTest" name="loginTest" time="0.0">
    <ignored/>
  </testcase> <!-- loginTest -->
</testsuite> <!-- Default test -->
