<?xml version="1.0" encoding="UTF-8"?>
<testng-results ignored="1" total="2" passed="1" failed="0" skipped="0">
  <reporter-output>
  </reporter-output>
  <suite started-at="2022-08-17T04:43:12Z" name="Default suite" finished-at="2022-08-17T04:43:23Z" duration-ms="10445">
    <groups>
    </groups>
    <test started-at="2022-08-17T04:43:12Z" name="Default test" finished-at="2022-08-17T04:43:23Z" duration-ms="10445">
      <class name="com.qa.fb.keyword.tests.LoginTest">
        <test-method signature="signUpTest()[pri:0, instance:com.qa.fb.keyword.tests.LoginTest@3e74829]" started-at="2022-08-17T04:43:12Z" name="signUpTest" finished-at="2022-08-17T04:43:23Z" duration-ms="10420" status="PASS">
          <reporter-output>
          </reporter-output>
        </test-method> <!-- signUpTest -->
      </class> <!-- com.qa.fb.keyword.tests.LoginTest -->
    </test> <!-- Default test -->
  </suite> <!-- Default suite -->
</testng-results>
